<?xml version="1.0" encoding="UTF-8"?>
<!-- Generated by org.testng.reporters.JUnitReportReporter -->
<testsuite hostname="LAPTOP-P0IKIE2B" failures="0" tests="3" name="TestCases.DashboardPageTest" time="39.452" errors="0" timestamp="2022-06-11T09:04:06 IST" skipped="2">
  <testcase classname="TestCases.DashboardPageTest" name="placeGttOrder" time="39.452"/>
  <system-out/>
  <testcase classname="TestCases.DashboardPageTest" name="verifyUsernameTest">
    <skipped/>
  </testcase> <!-- verifyUsernameTest -->
  <system-out/>
  <testcase classname="TestCases.DashboardPageTest" name="verifyEmailIdTest">
    <skipped/>
  </testcase> <!-- verifyEmailIdTest -->
  <system-out/>
</testsuite> <!-- TestCases.DashboardPageTest -->
