<?xml version="1.0" encoding="UTF-8"?>
<!-- Generated by org.testng.reporters.JUnitReportReporter -->
<testsuite hostname="LAPTOP-P0IKIE2B" failures="0" tests="2" name="TestCases.GroupTest" time="20.311" errors="0" timestamp="2022-06-13T14:21:23 IST" skipped="0">
  <testcase classname="TestCases.GroupTest" name="loginToAppTest" time="13.585"/>
  <system-out/>
  <testcase classname="TestCases.GroupTest" name="verifyZerodhaLogoTest" time="6.726"/>
  <system-out/>
</testsuite> <!-- TestCases.GroupTest -->
