<?xml version="1.0" encoding="UTF-8"?>
<!-- Generated by org.testng.reporters.JUnitReportReporter -->
<testsuite hostname="LAPTOP-P0IKIE2B" failures="0" tests="4" name="TestCases.Priority" time="50.782" errors="0" timestamp="2022-06-12T22:31:42 IST" skipped="1">
  <testcase classname="TestCases.Priority" name="verifyTitleTest" time="14.009"/>
  <system-out/>
  <testcase classname="TestCases.Priority" name="verifyZerodhaLogoTest" time="17.508"/>
  <system-out/>
  <testcase classname="TestCases.Priority" name="loginToAppTest" time="19.265"/>
  <system-out/>
  <testcase classname="TestCases.Priority" name="verifyKiteLogoTest">
    <skipped/>
  </testcase> <!-- verifyKiteLogoTest -->
  <system-out/>
</testsuite> <!-- TestCases.Priority -->
